Arguments: 
  C:\Program Files\nodejs\node.exe C:\Users\Gonzalo\AppData\Roaming\npm\node_modules\yarn\bin\yarn.js add express

PATH: 
  C:\Users\Gonzalo\bin;C:\Program Files\Git\mingw64\bin;C:\Program Files\Git\usr\local\bin;C:\Program Files\Git\usr\bin;C:\Program Files\Git\usr\bin;C:\Program Files\Git\mingw64\bin;C:\Program Files\Git\usr\bin;C:\Users\Gonzalo\bin;C:\Program Files (x86)\Common Files\Oracle\Java\javapath;C:\ProgramData\Oracle\Java\javapath;C:\WINDOWS\system32;C:\WINDOWS;C:\WINDOWS\System32\Wbem;C:\WINDOWS\System32\WindowsPowerShell\v1.0;C:\WINDOWS\System32\OpenSSH;C:\Program Files\Intel\WiFi\bin;C:\Program Files\Common Files\Intel\WirelessCommon;C:\Program Files (x86)\Brackets\command;C:\Program Files\Git\cmd;C:\Program Files\nodejs;C:\Go\bin;C:\Program Files\Docker\Docker\resources\bin;C:\ProgramData\DockerDesktop\version-bin;C:\Users\Gonzalo\AppData\Local\Programs\Python\Python38-32\Scripts;C:\Users\Gonzalo\AppData\Local\Programs\Python\Python38-32;C:\Users\Gonzalo\AppData\Local\Microsoft\WindowsApps;C:\Program Files\Intel\WiFi\bin;C:\Program Files\Common Files\Intel\WirelessCommon;C:\Users\Gonzalo\AppData\Local\Programs\Microsoft VS Code\bin;C:\Users\Gonzalo\AppData\Roaming\npm;C:\Users\Gonzalo\go\bin;C:\Program Files\Git\usr\bin\vendor_perl;C:\Program Files\Git\usr\bin\core_perl

Yarn version: 
  1.22.5

Node version: 
  12.18.3

Platform: 
  win32 x64

Trace: 
  Error: connect EHOSTUNREACH 104.16.17.35:443
      at TCPConnectWrap.afterConnect [as oncomplete] (net.js:1141:16)

npm manifest: 
  {
    "name": "tuatterLogin",
    "version": "1.0.0",
    "main": "app.js",
    "author": "Gonzalo Montaño Sanchez",
    "license": "MIT",
    "dependencies": {
      "cors": "^2.8.5"
    }
  }

yarn manifest: 
  No manifest

Lockfile: 
  # THIS IS AN AUTOGENERATED FILE. DO NOT EDIT THIS FILE DIRECTLY.
  # yarn lockfile v1
